<?xml version="1.0" encoding="UTF-8"?>
<testng-results ignored="0" total="1" passed="1" failed="0" skipped="0">
  <reporter-output>
  </reporter-output>
  <suite started-at="2021-09-01T23:00:12 IST" name="Default suite" finished-at="2021-09-01T23:00:28 IST" duration-ms="15600">
    <groups>
    </groups>
    <test started-at="2021-09-01T23:00:12 IST" name="Default test" finished-at="2021-09-01T23:00:28 IST" duration-ms="15600">
      <class name="com.qa.testscripts.popup_2">
        <test-method signature="main()[pri:0, instance:com.qa.testscripts.popup_2@5e316c74]" started-at="2021-09-01T23:00:12 IST" name="main" finished-at="2021-09-01T23:00:27 IST" duration-ms="15439" status="PASS">
          <reporter-output>
          </reporter-output>
        </test-method> <!-- main -->
      </class> <!-- com.qa.testscripts.popup_2 -->
    </test> <!-- Default test -->
  </suite> <!-- Default suite -->
</testng-results>
